[  3443.454] (WW) Failed to open protocol names file lib/xorg/protocol.txt
[  3443.454] 
X.Org X Server 1.20.5
X Protocol Version 11, Revision 0
[  3443.454] Build Operating System: Linux Arch Linux
[  3443.454] Current Operating System: Linux Yuri 5.2.8-arch1-1-ARCH #1 SMP PREEMPT Fri Aug 9 21:36:07 UTC 2019 x86_64
[  3443.454] Kernel command line: BOOT_IMAGE=/vmlinuz-linux root=UUID=452f5ead-8259-4169-b4cb-a9ef5c323700 rw loglevel=3 quiet
[  3443.454] Build Date: 30 June 2019  09:52:01AM
[  3443.454]  
[  3443.454] Current version of pixman: 0.38.4
[  3443.454] 	Before reporting problems, check http://wiki.x.org
	to make sure that you have the latest version.
[  3443.454] Markers: (--) probed, (**) from config file, (==) default setting,
	(++) from command line, (!!) notice, (II) informational,
	(WW) warning, (EE) error, (NI) not implemented, (??) unknown.
[  3443.456] (==) Log file: "/home/anej/.local/share/xorg/Xorg.0.log", Time: Wed Aug 14 20:11:11 2019
[  3443.456] (==) Using config directory: "/etc/X11/xorg.conf.d"
[  3443.456] (==) Using system config directory "/usr/share/X11/xorg.conf.d"
[  3443.456] (==) No Layout section.  Using the first Screen section.
[  3443.456] (==) No screen section available. Using defaults.
[  3443.456] (**) |-->Screen "Default Screen Section" (0)
[  3443.456] (**) |   |-->Monitor "<default monitor>"
[  3443.456] (==) No monitor specified for screen "Default Screen Section".
	Using a default monitor configuration.
[  3443.456] (==) Automatically adding devices
[  3443.456] (==) Automatically enabling devices
[  3443.456] (==) Automatically adding GPU devices
[  3443.456] (==) Automatically binding GPU devices
[  3443.457] (==) Max clients allowed: 256, resource mask: 0x1fffff
[  3443.457] (WW) `fonts.dir' not found (or not valid) in "/usr/share/fonts/misc".
[  3443.457] 	Entry deleted from font path.
[  3443.457] 	(Run 'mkfontdir' on "/usr/share/fonts/misc").
[  3443.457] (WW) The directory "/usr/share/fonts/OTF" does not exist.
[  3443.457] 	Entry deleted from font path.
[  3443.457] (WW) The directory "/usr/share/fonts/Type1" does not exist.
[  3443.457] 	Entry deleted from font path.
[  3443.457] (==) FontPath set to:
	/usr/share/fonts/TTF,
	/usr/share/fonts/100dpi,
	/usr/share/fonts/75dpi
[  3443.457] (==) ModulePath set to "/usr/lib/xorg/modules"
[  3443.457] (II) The server relies on udev to provide the list of input devices.
	If no devices become available, reconfigure udev or disable AutoAddDevices.
[  3443.457] (II) Module ABI versions:
[  3443.457] 	X.Org ANSI C Emulation: 0.4
[  3443.457] 	X.Org Video Driver: 24.0
[  3443.457] 	X.Org XInput driver : 24.1
[  3443.457] 	X.Org Server Extension : 10.0
[  3443.458] (EE) systemd-logind: TakeControl failed: Only owner of session may take control
[  3443.459] (II) xfree86: Adding drm device (/dev/dri/card0)
[  3443.464] (--) PCI:*(6@0:0:0) 10de:13c2:1043:8508 rev 161, Mem @ 0xfa000000/16777216, 0xe0000000/268435456, 0xf0000000/33554432, I/O @ 0x0000e000/128, BIOS @ 0x????????/131072
[  3443.464] (WW) Open ACPI failed (/var/run/acpid.socket) (No such file or directory)
[  3443.464] (II) LoadModule: "glx"
[  3443.464] (II) Loading /usr/lib/xorg/modules/extensions/libglx.so
[  3443.466] (II) Module glx: vendor="X.Org Foundation"
[  3443.466] 	compiled for 1.20.5, module version = 1.0.0
[  3443.466] 	ABI class: X.Org Server Extension, version 10.0
[  3443.466] (==) Matched nouveau as autoconfigured driver 0
[  3443.466] (==) Matched nv as autoconfigured driver 1
[  3443.466] (==) Matched modesetting as autoconfigured driver 2
[  3443.466] (==) Matched fbdev as autoconfigured driver 3
[  3443.466] (==) Matched vesa as autoconfigured driver 4
[  3443.466] (==) Assigned the driver to the xf86ConfigLayout
[  3443.466] (II) LoadModule: "nouveau"
[  3443.466] (WW) Warning, couldn't open module nouveau
[  3443.466] (EE) Failed to load module "nouveau" (module does not exist, 0)
[  3443.466] (II) LoadModule: "nv"
[  3443.466] (WW) Warning, couldn't open module nv
[  3443.466] (EE) Failed to load module "nv" (module does not exist, 0)
[  3443.466] (II) LoadModule: "modesetting"
[  3443.466] (II) Loading /usr/lib/xorg/modules/drivers/modesetting_drv.so
[  3443.466] (II) Module modesetting: vendor="X.Org Foundation"
[  3443.466] 	compiled for 1.20.5, module version = 1.20.5
[  3443.466] 	Module class: X.Org Video Driver
[  3443.466] 	ABI class: X.Org Video Driver, version 24.0
[  3443.466] (II) LoadModule: "fbdev"
[  3443.467] (WW) Warning, couldn't open module fbdev
[  3443.467] (EE) Failed to load module "fbdev" (module does not exist, 0)
[  3443.467] (II) LoadModule: "vesa"
[  3443.467] (II) Loading /usr/lib/xorg/modules/drivers/vesa_drv.so
[  3443.467] (II) Module vesa: vendor="X.Org Foundation"
[  3443.467] 	compiled for 1.20.0, module version = 2.4.0
[  3443.467] 	Module class: X.Org Video Driver
[  3443.467] 	ABI class: X.Org Video Driver, version 24.0
[  3443.467] (II) modesetting: Driver for Modesetting Kernel Drivers: kms
[  3443.467] (II) VESA: driver for VESA chipsets: vesa
[  3443.467] (EE) 
Fatal server error:
[  3443.467] (EE) parse_vt_settings: Cannot open /dev/tty0 (Permission denied)
[  3443.468] (EE) 
[  3443.468] (EE) 
Please consult the The X.Org Foundation support 
	 at http://wiki.x.org
 for help. 
[  3443.469] (EE) Please also check the log file at "/home/anej/.local/share/xorg/Xorg.0.log" for additional information.
[  3443.469] (EE) 
[  3443.470] (WW) xf86CloseConsole: KDSETMODE failed: Bad file descriptor
[  3443.470] (WW) xf86CloseConsole: VT_GETMODE failed: Bad file descriptor
[  3443.470] (EE) Server terminated with error (1). Closing log file.
