(N) 2019-09-04T21:51:01 - qBittorrent v4.1.7 started
(I) 2019-09-04T21:51:01 - qBittorrent is trying to listen on any interface port: 8999
(N) 2019-09-04T21:51:01 - Peer ID: -qB4170-
(N) 2019-09-04T21:51:01 - HTTP User-Agent is 'qBittorrent/4.1.7'
(I) 2019-09-04T21:51:01 - DHT support [ON]
(I) 2019-09-04T21:51:01 - Local Peer Discovery support [ON]
(I) 2019-09-04T21:51:01 - PeX support [ON]
(I) 2019-09-04T21:51:01 - Anonymous mode [OFF]
(I) 2019-09-04T21:51:01 - Encryption support [ON]
(I) 2019-09-04T21:51:01 - Embedded Tracker [OFF]
(I) 2019-09-04T21:51:01 - UPnP / NAT-PMP support [ON]
(W) 2019-09-04T21:51:01 - Couldn't load GeoIP database. Reason: No such file or directory
(N) 2019-09-04T21:51:01 - Options were saved successfully.
(I) 2019-09-04T21:51:01 - qBittorrent is successfully listening on interface :: port: TCP/8999
(I) 2019-09-04T21:51:01 - qBittorrent is successfully listening on interface 0.0.0.0 port: TCP/8999
(I) 2019-09-04T21:51:01 - qBittorrent is successfully listening on interface 0.0.0.0 port: UDP/8999
(C) 2019-09-04T21:51:01 - UPnP/NAT-PMP: Port mapping failure, message: could not map port using UPnP: unknown UPnP error (-111)
(C) 2019-09-04T21:51:01 - UPnP/NAT-PMP: Port mapping failure, message: could not map port using UPnP: unknown UPnP error (-111)
(I) 2019-09-04T21:51:01 - GeoIP database loaded. Type: GeoLite2-Country. Build time: Wed Sep 4 11:34:15 2019.
(I) 2019-09-04T21:51:01 - Successfully updated GeoIP database.
(N) 2019-09-04T21:51:03 - 'archlinux-2019.09.01-x86_64.iso' added to download list.
(I) 2019-09-04T21:51:06 - External IP: 77.38.119.0
(N) 2019-09-04T21:51:06 - Successfully moved torrent: archlinux-2019.09.01-x86_64.iso. New path: /home/anej/Downloads/
(I) 2019-09-04T21:55:06 - UPnP / NAT-PMP support [OFF]
(N) 2019-09-08T18:51:00 - qBittorrent v4.1.7 started
(I) 2019-09-08T18:51:00 - qBittorrent is trying to listen on any interface port: 8999
(N) 2019-09-08T18:51:00 - Peer ID: -qB4170-
(N) 2019-09-08T18:51:00 - HTTP User-Agent is 'qBittorrent/4.1.7'
(I) 2019-09-08T18:51:00 - DHT support [ON]
(I) 2019-09-08T18:51:00 - Local Peer Discovery support [ON]
(I) 2019-09-08T18:51:00 - PeX support [ON]
(I) 2019-09-08T18:51:00 - Anonymous mode [OFF]
(I) 2019-09-08T18:51:00 - Encryption support [ON]
(I) 2019-09-08T18:51:00 - Embedded Tracker [OFF]
(I) 2019-09-08T18:51:00 - UPnP / NAT-PMP support [ON]
(I) 2019-09-08T18:51:00 - GeoIP database loaded. Type: GeoLite2-Country. Build time: Wed Sep 4 11:34:15 2019.
(N) 2019-09-08T18:51:00 - Options were saved successfully.
(I) 2019-09-08T18:51:00 - qBittorrent is successfully listening on interface :: port: TCP/8999
(I) 2019-09-08T18:51:00 - qBittorrent is successfully listening on interface 0.0.0.0 port: TCP/8999
(I) 2019-09-08T18:51:00 - qBittorrent is successfully listening on interface 0.0.0.0 port: UDP/8999
(C) 2019-09-08T18:51:00 - UPnP/NAT-PMP: Port mapping failure, message: could not map port using UPnP: unknown UPnP error (-111)
(C) 2019-09-08T18:51:00 - UPnP/NAT-PMP: Port mapping failure, message: could not map port using UPnP: unknown UPnP error (-111)
(N) 2019-09-08T18:51:00 - 'archlinux-2019.09.01-x86_64.iso' restored.
(I) 2019-09-08T18:51:03 - External IP: 77.38.119.0
(N) 2019-09-08T18:51:13 - Download first and last piece first: Off, torrent: 'Inglourious.Basterds.2009.1080p.BluRay.x264-METiS'
(N) 2019-09-08T18:51:13 - 'Inglourious.Basterds.2009.1080p.BluRay.x264-METiS' added to download list.
(N) 2019-09-08T19:00:53 - qBittorrent v4.1.7 started
(I) 2019-09-08T19:00:53 - qBittorrent is trying to listen on any interface port: 8999
(N) 2019-09-08T19:00:53 - Peer ID: -qB4170-
(N) 2019-09-08T19:00:53 - HTTP User-Agent is 'qBittorrent/4.1.7'
(I) 2019-09-08T19:00:53 - DHT support [ON]
(I) 2019-09-08T19:00:53 - Local Peer Discovery support [ON]
(I) 2019-09-08T19:00:53 - PeX support [ON]
(I) 2019-09-08T19:00:53 - Anonymous mode [OFF]
(I) 2019-09-08T19:00:53 - Encryption support [ON]
(I) 2019-09-08T19:00:53 - Embedded Tracker [OFF]
(I) 2019-09-08T19:00:53 - UPnP / NAT-PMP support [ON]
(I) 2019-09-08T19:00:53 - GeoIP database loaded. Type: GeoLite2-Country. Build time: Wed Sep 4 11:34:15 2019.
(N) 2019-09-08T19:00:53 - Options were saved successfully.
(I) 2019-09-08T19:00:53 - qBittorrent is successfully listening on interface :: port: TCP/8999
(I) 2019-09-08T19:00:53 - qBittorrent is successfully listening on interface 0.0.0.0 port: TCP/8999
(I) 2019-09-08T19:00:53 - qBittorrent is successfully listening on interface 0.0.0.0 port: UDP/8999
(C) 2019-09-08T19:00:53 - UPnP/NAT-PMP: Port mapping failure, message: could not map port using UPnP: unknown UPnP error (-111)
(C) 2019-09-08T19:00:53 - UPnP/NAT-PMP: Port mapping failure, message: could not map port using UPnP: unknown UPnP error (-111)
(I) 2019-09-08T19:00:53 - External IP: 77.38.119.0
(N) 2019-09-08T19:00:53 - 'archlinux-2019.09.01-x86_64.iso' restored.
(N) 2019-09-08T19:00:53 - 'Inglourious.Basterds.2009.1080p.BluRay.x264-METiS' restored.
(W) 2019-09-08T19:00:54 - Fast resume data was rejected for torrent 'Inglourious.Basterds.2009.1080p.BluRay.x264-METiS'. Reason: Inglourious.Basterds.2009.1080p.BluRay.x264-METiS fast resume rejected. check resume(): missing or invalid 'file sizes' entry. Checking again...
(N) 2019-09-20T16:47:40 - qBittorrent v4.1.7 started
(I) 2019-09-20T16:47:40 - qBittorrent is trying to listen on any interface port: 8999
(N) 2019-09-20T16:47:40 - Peer ID: -qB4170-
(N) 2019-09-20T16:47:40 - HTTP User-Agent is 'qBittorrent/4.1.7'
(I) 2019-09-20T16:47:40 - DHT support [ON]
(I) 2019-09-20T16:47:40 - Local Peer Discovery support [ON]
(I) 2019-09-20T16:47:40 - PeX support [ON]
(I) 2019-09-20T16:47:40 - Anonymous mode [OFF]
(I) 2019-09-20T16:47:40 - Encryption support [ON]
(I) 2019-09-20T16:47:40 - Embedded Tracker [OFF]
(I) 2019-09-20T16:47:40 - UPnP / NAT-PMP support [ON]
(I) 2019-09-20T16:47:40 - GeoIP database loaded. Type: GeoLite2-Country. Build time: Wed Sep 4 11:34:15 2019.
(N) 2019-09-20T16:47:40 - Options were saved successfully.
(I) 2019-09-20T16:47:40 - qBittorrent is successfully listening on interface :: port: TCP/8999
(I) 2019-09-20T16:47:40 - qBittorrent is successfully listening on interface 0.0.0.0 port: TCP/8999
(I) 2019-09-20T16:47:40 - qBittorrent is successfully listening on interface 0.0.0.0 port: UDP/8999
(C) 2019-09-20T16:47:40 - UPnP/NAT-PMP: Port mapping failure, message: could not map port using UPnP: unknown UPnP error (-111)
(C) 2019-09-20T16:47:40 - UPnP/NAT-PMP: Port mapping failure, message: could not map port using UPnP: unknown UPnP error (-111)
(N) 2019-09-20T16:47:40 - 'archlinux-2019.09.01-x86_64.iso' restored.
(N) 2019-09-20T16:47:40 - 'Inglourious.Basterds.2009.1080p.BluRay.x264-METiS' restored.
(W) 2019-09-20T16:47:40 - Fast resume data was rejected for torrent 'Inglourious.Basterds.2009.1080p.BluRay.x264-METiS'. Reason: Inglourious.Basterds.2009.1080p.BluRay.x264-METiS fast resume rejected. check resume(): missing or invalid 'file sizes' entry. Checking again...
(I) 2019-09-20T16:47:40 - External IP: 77.38.119.0
(N) 2019-09-20T16:47:41 - 'Harry Potter and the Sorcerer's Stone Extended Cut 2001 1080p' added to download list.
(N) 2019-09-20T16:48:24 - qBittorrent v4.1.7 started
(N) 2019-09-20T16:48:26 - Download first and last piece first: Off, torrent: 'Harry.Potter.and.the.Sorcerer's.Stone.Extended.Cut.2001.720p.BrRip.x264.AAC.5.1.{MrMoviesFX}.【ThumperDC】'
(N) 2019-09-20T16:48:26 - 'Harry.Potter.and.the.Sorcerer's.Stone.Extended.Cut.2001.720p.BrRip.x264.AAC.5.1.{MrMoviesFX}.【ThumperDC】' added to download list.
(N) 2019-09-20T16:48:49 - 'Harry Potter and the Sorcerer's Stone Extended Cut 2001 1080p' was removed from the transfer list.
(I) 2019-09-20T18:05:50 - UPnP / NAT-PMP support [OFF]
(N) 2019-09-21T19:07:51 - qBittorrent v4.1.7 started
(I) 2019-09-21T19:07:51 - qBittorrent is trying to listen on any interface port: 8999
(N) 2019-09-21T19:07:51 - Peer ID: -qB4170-
(N) 2019-09-21T19:07:51 - HTTP User-Agent is 'qBittorrent/4.1.7'
(I) 2019-09-21T19:07:51 - DHT support [ON]
(I) 2019-09-21T19:07:51 - Local Peer Discovery support [ON]
(I) 2019-09-21T19:07:51 - PeX support [ON]
(I) 2019-09-21T19:07:51 - Anonymous mode [OFF]
(I) 2019-09-21T19:07:51 - Encryption support [ON]
(I) 2019-09-21T19:07:51 - Embedded Tracker [OFF]
(I) 2019-09-21T19:07:51 - UPnP / NAT-PMP support [ON]
(I) 2019-09-21T19:07:51 - GeoIP database loaded. Type: GeoLite2-Country. Build time: Wed Sep 4 11:34:15 2019.
(N) 2019-09-21T19:07:51 - Options were saved successfully.
(I) 2019-09-21T19:07:51 - qBittorrent is successfully listening on interface :: port: TCP/8999
(I) 2019-09-21T19:07:51 - qBittorrent is successfully listening on interface 0.0.0.0 port: TCP/8999
(I) 2019-09-21T19:07:51 - qBittorrent is successfully listening on interface 0.0.0.0 port: UDP/8999
(C) 2019-09-21T19:07:51 - UPnP/NAT-PMP: Port mapping failure, message: could not map port using UPnP: unknown UPnP error (-111)
(C) 2019-09-21T19:07:51 - UPnP/NAT-PMP: Port mapping failure, message: could not map port using UPnP: unknown UPnP error (-111)
(N) 2019-09-21T19:07:51 - 'archlinux-2019.09.01-x86_64.iso' restored.
(N) 2019-09-21T19:07:51 - 'Inglourious.Basterds.2009.1080p.BluRay.x264-METiS' restored.
(N) 2019-09-21T19:07:51 - 'Harry.Potter.and.the.Sorcerer's.Stone.Extended.Cut.2001.720p.BrRip.x264.AAC.5.1.{MrMoviesFX}.【ThumperDC】' restored.
(C) 2019-09-21T19:07:51 - File sizes mismatch for torrent 'archlinux-2019.09.01-x86_64.iso', pausing it.
(I) 2019-09-21T19:07:52 - External IP: 77.38.119.0
(N) 2019-09-21T19:07:53 - Download first and last piece first: Off, torrent: 'Harry Potter and the Chamber of Secrets (2002) Extended 1080p.BRrip.scOrp.sujaidr (pimprg)'
(N) 2019-09-21T19:07:53 - 'Harry Potter and the Chamber of Secrets (2002) Extended 1080p.BRrip.scOrp.sujaidr (pimprg)' added to download list.
(I) 2019-09-21T19:37:33 - UPnP / NAT-PMP support [OFF]
(N) 2019-09-23T18:20:36 - qBittorrent v4.1.7 started
(I) 2019-09-23T18:20:36 - qBittorrent is trying to listen on any interface port: 8999
(N) 2019-09-23T18:20:36 - Peer ID: -qB4170-
(N) 2019-09-23T18:20:36 - HTTP User-Agent is 'qBittorrent/4.1.7'
(I) 2019-09-23T18:20:36 - DHT support [ON]
(I) 2019-09-23T18:20:36 - Local Peer Discovery support [ON]
(I) 2019-09-23T18:20:36 - PeX support [ON]
(I) 2019-09-23T18:20:36 - Anonymous mode [OFF]
(I) 2019-09-23T18:20:36 - Encryption support [ON]
(I) 2019-09-23T18:20:36 - Embedded Tracker [OFF]
(I) 2019-09-23T18:20:36 - UPnP / NAT-PMP support [ON]
(I) 2019-09-23T18:20:36 - GeoIP database loaded. Type: GeoLite2-Country. Build time: Wed Sep 4 11:34:15 2019.
(N) 2019-09-23T18:20:36 - Options were saved successfully.
(I) 2019-09-23T18:20:36 - qBittorrent is successfully listening on interface :: port: TCP/8999
(I) 2019-09-23T18:20:36 - qBittorrent is successfully listening on interface 0.0.0.0 port: TCP/8999
(I) 2019-09-23T18:20:36 - qBittorrent is successfully listening on interface 0.0.0.0 port: UDP/8999
(C) 2019-09-23T18:20:36 - UPnP/NAT-PMP: Port mapping failure, message: could not map port using UPnP: unknown UPnP error (-111)
(C) 2019-09-23T18:20:36 - UPnP/NAT-PMP: Port mapping failure, message: could not map port using UPnP: unknown UPnP error (-111)
(N) 2019-09-23T18:20:36 - 'archlinux-2019.09.01-x86_64.iso' restored.
(N) 2019-09-23T18:20:36 - 'Harry Potter and the Chamber of Secrets (2002) Extended 1080p.BRrip.scOrp.sujaidr (pimprg)' restored.
(N) 2019-09-23T18:20:36 - 'Harry.Potter.and.the.Sorcerer's.Stone.Extended.Cut.2001.720p.BrRip.x264.AAC.5.1.{MrMoviesFX}.【ThumperDC】' restored.
(N) 2019-09-23T18:20:36 - 'Inglourious.Basterds.2009.1080p.BluRay.x264-METiS' restored.
(I) 2019-09-23T18:20:36 - External IP: 77.38.119.0
(C) 2019-09-23T18:20:36 - File sizes mismatch for torrent 'archlinux-2019.09.01-x86_64.iso', pausing it.
(N) 2019-09-23T18:20:44 - 'archlinux-2019.09.01-x86_64.iso' was removed from the transfer list and hard disk.
(N) 2019-09-23T18:20:46 - qBittorrent v4.1.7 started
(N) 2019-09-23T18:20:48 - 'archlinux-2019.09.01-x86_64.iso' added to download list.
(N) 2019-09-23T18:20:51 - Successfully moved torrent: archlinux-2019.09.01-x86_64.iso. New path: /home/anej/Downloads/
(I) 2019-09-23T18:26:15 - UPnP / NAT-PMP support [OFF]
(N) 2019-09-26T22:22:09 - qBittorrent v4.1.7 started
(I) 2019-09-26T22:22:09 - qBittorrent is trying to listen on any interface port: 8999
(N) 2019-09-26T22:22:09 - Peer ID: -qB4170-
(N) 2019-09-26T22:22:09 - HTTP User-Agent is 'qBittorrent/4.1.7'
(I) 2019-09-26T22:22:09 - DHT support [ON]
(I) 2019-09-26T22:22:09 - Local Peer Discovery support [ON]
(I) 2019-09-26T22:22:09 - PeX support [ON]
(I) 2019-09-26T22:22:09 - Anonymous mode [OFF]
(I) 2019-09-26T22:22:09 - Encryption support [ON]
(I) 2019-09-26T22:22:09 - Embedded Tracker [OFF]
(I) 2019-09-26T22:22:09 - UPnP / NAT-PMP support [ON]
(I) 2019-09-26T22:22:09 - GeoIP database loaded. Type: GeoLite2-Country. Build time: Wed Sep 4 11:34:15 2019.
(N) 2019-09-26T22:22:09 - Options were saved successfully.
(I) 2019-09-26T22:22:09 - qBittorrent is successfully listening on interface :: port: TCP/8999
(I) 2019-09-26T22:22:09 - qBittorrent is successfully listening on interface 0.0.0.0 port: TCP/8999
(I) 2019-09-26T22:22:09 - qBittorrent is successfully listening on interface 0.0.0.0 port: UDP/8999
(N) 2019-09-26T22:22:09 - 'archlinux-2019.09.01-x86_64.iso' restored.
(N) 2019-09-26T22:22:09 - 'Harry Potter and the Chamber of Secrets (2002) Extended 1080p.BRrip.scOrp.sujaidr (pimprg)' restored.
(N) 2019-09-26T22:22:09 - 'Inglourious.Basterds.2009.1080p.BluRay.x264-METiS' restored.
(N) 2019-09-26T22:22:09 - 'Harry.Potter.and.the.Sorcerer's.Stone.Extended.Cut.2001.720p.BrRip.x264.AAC.5.1.{MrMoviesFX}.【ThumperDC】' restored.
(I) 2019-09-26T22:22:09 - External IP: 77.38.119.0
(C) 2019-09-26T22:22:09 - UPnP/NAT-PMP: Port mapping failure, message: could not map port using UPnP: unknown UPnP error (-111)
(C) 2019-09-26T22:22:09 - UPnP/NAT-PMP: Port mapping failure, message: could not map port using UPnP: unknown UPnP error (-111)
(N) 2019-09-26T22:22:17 - Download first and last piece first: Off, torrent: 'Harry Potter and the Prisoner of Azkaban (2004) 1080p.BRrip.scOrp.sujaidr (pimprg)'
(N) 2019-09-26T22:22:17 - 'Harry Potter and the Prisoner of Azkaban (2004) 1080p.BRrip.scOrp.sujaidr (pimprg)' added to download list.
(N) 2019-12-25T22:46:37 - qBittorrent v4.2.0 started
(I) 2019-12-25T22:46:37 - Trying to listen on IP: 0.0.0.0, port: 37216
(N) 2019-12-25T22:46:37 - Peer ID: -qB4200-
(N) 2019-12-25T22:46:37 - HTTP User-Agent is 'qBittorrent/4.2.0'
(I) 2019-12-25T22:46:37 - DHT support [ON]
(I) 2019-12-25T22:46:37 - Local Peer Discovery support [ON]
(I) 2019-12-25T22:46:37 - PeX support [ON]
(I) 2019-12-25T22:46:37 - Anonymous mode [OFF]
(I) 2019-12-25T22:46:37 - Encryption support [ON]
(I) 2019-12-25T22:46:37 - UPnP / NAT-PMP support [ON]
(I) 2019-12-25T22:46:37 - GeoIP database loaded. Type: GeoLite2-Country. Build time: Wed Sep 4 13:34:15 2019.
(N) 2019-12-25T22:46:37 - Options were saved successfully.
(I) 2019-12-25T22:46:38 - Successfully listening on IP: 0.0.0.0, port: TCP/37216
(I) 2019-12-25T22:46:38 - Successfully listening on IP: 0.0.0.0, port: UDP/37216
(C) 2019-12-25T22:46:38 - UPnP/NAT-PMP: Port mapping failure, message: could not map port using UPnP: unknown UPnP error (-111)
(C) 2019-12-25T22:46:38 - UPnP/NAT-PMP: Port mapping failure, message: could not map port using UPnP: unknown UPnP error (-111)
(I) 2019-12-25T22:46:38 - Detected external IP: 77.38.119.0
(N) 2019-12-25T22:46:38 - 'archlinux-2019.09.01-x86_64.iso' restored.
(N) 2019-12-25T22:46:38 - 'Harry Potter and the Chamber of Secrets (2002) Extended 1080p.BRrip.scOrp.sujaidr (pimprg)' restored.
(N) 2019-12-25T22:46:38 - 'Inglourious.Basterds.2009.1080p.BluRay.x264-METiS' restored.
(N) 2019-12-25T22:46:38 - 'Harry Potter and the Prisoner of Azkaban (2004) 1080p.BRrip.scOrp.sujaidr (pimprg)' restored.
(N) 2019-12-25T22:46:38 - 'Harry.Potter.and.the.Sorcerer's.Stone.Extended.Cut.2001.720p.BrRip.x264.AAC.5.1.{MrMoviesFX}.【ThumperDC】' restored.
(C) 2019-12-25T22:46:38 - File sizes mismatch for torrent 'Inglourious.Basterds.2009.1080p.BluRay.x264-METiS', pausing it.
(C) 2019-12-25T22:46:38 - File sizes mismatch for torrent 'Harry Potter and the Chamber of Secrets (2002) Extended 1080p.BRrip.scOrp.sujaidr (pimprg)', pausing it.
(C) 2019-12-25T22:46:38 - File sizes mismatch for torrent 'Harry.Potter.and.the.Sorcerer's.Stone.Extended.Cut.2001.720p.BrRip.x264.AAC.5.1.{MrMoviesFX}.【ThumperDC】', pausing it.
(I) 2019-12-25T22:46:38 - GeoIP database loaded. Type: GeoLite2-Country. Build time: Tue Dec 24 18:40:14 2019.
(I) 2019-12-25T22:46:38 - Successfully updated GeoIP database.
(N) 2019-12-25T22:46:39 - Download first and last piece first: Off, torrent: 'Listy.do.M.2011.SLOSubs.1080p.BRRip.x264.INSiDE'
(N) 2019-12-25T22:46:39 - 'Listy.do.M.2011.SLOSubs.1080p.BRRip.x264.INSiDE' added to download list.
(N) 2019-12-25T22:46:46 - 'Harry Potter and the Chamber of Secrets (2002) Extended 1080p.BRrip.scOrp.sujaidr (pimprg)' was removed from the transfer list.
(N) 2019-12-25T22:46:46 - 'Inglourious.Basterds.2009.1080p.BluRay.x264-METiS' was removed from the transfer list.
(N) 2019-12-25T22:46:46 - 'Harry.Potter.and.the.Sorcerer's.Stone.Extended.Cut.2001.720p.BrRip.x264.AAC.5.1.{MrMoviesFX}.【ThumperDC】' was removed from the transfer list.
(N) 2019-12-28T18:10:19 - qBittorrent v4.2.0 started
(I) 2019-12-28T18:10:19 - Trying to listen on IP: 0.0.0.0, port: 37216
(N) 2019-12-28T18:10:19 - Peer ID: -qB4200-
(N) 2019-12-28T18:10:19 - HTTP User-Agent is 'qBittorrent/4.2.0'
(I) 2019-12-28T18:10:19 - DHT support [ON]
(I) 2019-12-28T18:10:19 - Local Peer Discovery support [ON]
(I) 2019-12-28T18:10:19 - PeX support [ON]
(I) 2019-12-28T18:10:19 - Anonymous mode [OFF]
(I) 2019-12-28T18:10:19 - Encryption support [ON]
(I) 2019-12-28T18:10:19 - UPnP / NAT-PMP support [ON]
(I) 2019-12-28T18:10:19 - GeoIP database loaded. Type: GeoLite2-Country. Build time: Tue Dec 24 18:40:14 2019.
(N) 2019-12-28T18:10:19 - Options were saved successfully.
(I) 2019-12-28T18:10:20 - Successfully listening on IP: 0.0.0.0, port: TCP/37216
(I) 2019-12-28T18:10:20 - Successfully listening on IP: 0.0.0.0, port: UDP/37216
(C) 2019-12-28T18:10:20 - UPnP/NAT-PMP: Port mapping failure, message: could not map port using UPnP: unknown UPnP error (-111)
(C) 2019-12-28T18:10:20 - UPnP/NAT-PMP: Port mapping failure, message: could not map port using UPnP: unknown UPnP error (-111)
(N) 2019-12-28T18:10:20 - 'archlinux-2019.09.01-x86_64.iso' restored.
(N) 2019-12-28T18:10:20 - 'Listy.do.M.2011.SLOSubs.1080p.BRRip.x264.INSiDE' restored.
(N) 2019-12-28T18:10:20 - 'Harry Potter and the Prisoner of Azkaban (2004) 1080p.BRrip.scOrp.sujaidr (pimprg)' restored.
(I) 2019-12-28T18:10:20 - Detected external IP: 77.38.119.0
(N) 2019-12-28T18:10:21 - Download first and last piece first: Off, torrent: 'Snatch.2000.MULTiSUBS.PAL.DVDR-DiSHON'
(N) 2019-12-28T18:10:21 - 'Snatch.2000.MULTiSUBS.PAL.DVDR-DiSHON' added to download list.
(N) 2019-12-28T18:12:44 - qBittorrent v4.2.0 started
(N) 2019-12-28T18:12:45 - Download first and last piece first: Off, torrent: 'Snatch.2000.SLOSubs.1080p.BluRay.x264-BestHD'
(N) 2019-12-28T18:12:45 - 'Snatch.2000.SLOSubs.1080p.BluRay.x264-BestHD' added to download list.
(N) 2019-12-28T18:13:16 - 'Snatch.2000.MULTiSUBS.PAL.DVDR-DiSHON' was removed from the transfer list and hard disk.
(N) 2019-12-28T18:13:52 - qBittorrent v4.2.0 started
(N) 2019-12-28T18:13:54 - Download first and last piece first: Off, torrent: 'Snatch.2000.SLOSubs.BRRip.XviD-DrSi'
(N) 2019-12-28T18:13:54 - 'Snatch.2000.SLOSubs.BRRip.XviD-DrSi' added to download list.
